{
    "timestamp": "2025-02-11 15:08:52",
    "stage": "ovri_callback",
    "data": {
        "referer": "https:\/\/api.ovri.app\/",
        "get_params": {
            "MerchantRef": "ref-45678987656798",
            "Amount": "76.00",
            "TransId": "OVRI-20250211160842-67ab67fa2f82c",
            "Status": "6"
        },
        "post_params": [],
        "raw_input": "",
        "headers": {
            "Cookie": "tk_ai=k7EtFRS1tJEdBC0msYyNEKAB; wp-settings-time-1=1738173455; crisp-client%2Fsession%2F4e1c4af7-884c-4cd7-b5e0-50ca17e59858=session_4207da92-0535-495e-97d3-3e0cace9c17e; PHPSESSID=bkl1nr64h0br1va74mfr8onuqa",
            "Priority": "u=0, i",
            "Accept-Language": "fr,fr-FR;q=0.9,en;q=0.8,en-US;q=0.7,ru;q=0.6",
            "Accept-Encoding": "gzip, deflate, br, zstd",
            "Referer": "https:\/\/api.ovri.app\/",
            "Sec-Fetch-Dest": "document",
            "Sec-Fetch-Mode": "navigate",
            "Sec-Fetch-Site": "cross-site",
            "Accept": "text\/html,application\/xhtml+xml,application\/xml;q=0.9,image\/avif,image\/webp,image\/apng,*\/*;q=0.8,application\/signed-exchange;v=b3;q=0.7",
            "User-Agent": "Mozilla\/5.0 (Windows NT 10.0; Win64; x64) AppleWebKit\/537.36 (KHTML, like Gecko) Chrome\/133.0.0.0 Safari\/537.36",
            "Upgrade-Insecure-Requests": "1",
            "Sec-Ch-Ua-Platform": "\"Windows\"",
            "Sec-Ch-Ua-Mobile": "?0",
            "Sec-Ch-Ua": "\"Not(A:Brand\";v=\"99\", \"Google Chrome\";v=\"133\", \"Chromium\";v=\"133\"",
            "Connection": "close",
            "X-Accel-Internal": "\/internal-nginx-static-location",
            "X-Real-Ip": "88.165.174.4",
            "Host": "pay.payblis.com"
        },
        "server": {
            "USER": "payblis.com_vxzn49uasxs",
            "HOME": "\/var\/www\/vhosts\/payblis.com",
            "SCRIPT_NAME": "\/api\/success.php",
            "REQUEST_URI": "\/api\/success.php?MerchantRef=ref-45678987656798&Amount=76.00&TransId=OVRI-20250211160842-67ab67fa2f82c&Status=6",
            "QUERY_STRING": "MerchantRef=ref-45678987656798&Amount=76.00&TransId=OVRI-20250211160842-67ab67fa2f82c&Status=6",
            "REQUEST_METHOD": "GET",
            "SERVER_PROTOCOL": "HTTP\/1.0",
            "GATEWAY_INTERFACE": "CGI\/1.1",
            "REMOTE_PORT": "44342",
            "SCRIPT_FILENAME": "\/var\/www\/vhosts\/payblis.com\/pay.payblis.com\/api\/success.php",
            "SERVER_ADMIN": "[no address given]",
            "CONTEXT_DOCUMENT_ROOT": "\/var\/www\/vhosts\/payblis.com\/pay.payblis.com",
            "CONTEXT_PREFIX": "",
            "REQUEST_SCHEME": "https",
            "DOCUMENT_ROOT": "\/var\/www\/vhosts\/payblis.com\/pay.payblis.com",
            "REMOTE_ADDR": "88.165.174.4",
            "SERVER_PORT": "443",
            "SERVER_ADDR": "217.182.198.52",
            "SERVER_NAME": "pay.payblis.com",
            "SERVER_SOFTWARE": "Apache",
            "SERVER_SIGNATURE": "<address>Apache Server at pay.payblis.com Port 443<\/address>\n",
            "PATH": "\/usr\/local\/sbin:\/usr\/local\/bin:\/usr\/sbin:\/usr\/bin:\/sbin:\/bin",
            "HTTP_COOKIE": "tk_ai=k7EtFRS1tJEdBC0msYyNEKAB; wp-settings-time-1=1738173455; crisp-client%2Fsession%2F4e1c4af7-884c-4cd7-b5e0-50ca17e59858=session_4207da92-0535-495e-97d3-3e0cace9c17e; PHPSESSID=bkl1nr64h0br1va74mfr8onuqa",
            "HTTP_PRIORITY": "u=0, i",
            "HTTP_ACCEPT_LANGUAGE": "fr,fr-FR;q=0.9,en;q=0.8,en-US;q=0.7,ru;q=0.6",
            "HTTP_ACCEPT_ENCODING": "gzip, deflate, br, zstd",
            "HTTP_REFERER": "https:\/\/api.ovri.app\/",
            "HTTP_SEC_FETCH_DEST": "document",
            "HTTP_SEC_FETCH_MODE": "navigate",
            "HTTP_SEC_FETCH_SITE": "cross-site",
            "HTTP_ACCEPT": "text\/html,application\/xhtml+xml,application\/xml;q=0.9,image\/avif,image\/webp,image\/apng,*\/*;q=0.8,application\/signed-exchange;v=b3;q=0.7",
            "HTTP_USER_AGENT": "Mozilla\/5.0 (Windows NT 10.0; Win64; x64) AppleWebKit\/537.36 (KHTML, like Gecko) Chrome\/133.0.0.0 Safari\/537.36",
            "HTTP_UPGRADE_INSECURE_REQUESTS": "1",
            "HTTP_SEC_CH_UA_PLATFORM": "\"Windows\"",
            "HTTP_SEC_CH_UA_MOBILE": "?0",
            "HTTP_SEC_CH_UA": "\"Not(A:Brand\";v=\"99\", \"Google Chrome\";v=\"133\", \"Chromium\";v=\"133\"",
            "HTTP_CONNECTION": "close",
            "HTTP_X_ACCEL_INTERNAL": "\/internal-nginx-static-location",
            "HTTP_X_REAL_IP": "88.165.174.4",
            "HTTP_HOST": "pay.payblis.com",
            "proxy-nokeepalive": "1",
            "HTTPS": "on",
            "UNIQUE_ID": "Z6toBIqkMURgi0UBcFe5UQAAAEU",
            "FCGI_ROLE": "RESPONDER",
            "PHP_SELF": "\/api\/success.php",
            "REQUEST_TIME_FLOAT": 1739286532.757868,
            "REQUEST_TIME": 1739286532
        },
        "session": []
    }
}
{
    "timestamp": "2025-02-11 15:13:29",
    "stage": "ovri_callback",
    "data": {
        "referer": "No referer",
        "get_params": {
            "MerchantRef": "ref-45678987656798",
            "Amount": "76.00",
            "TransId": "OVRI-20250211160842-67ab67fa2f82c",
            "Status": "6"
        },
        "post_params": [],
        "raw_input": "",
        "headers": {
            "Accept-Encoding": "gzip, deflate",
            "User-Agent": "Mozilla\/5.0 (Windows NT 6.1; WOW64) SkypeUriPreview Preview\/0.5 skype-url-preview@microsoft.com",
            "Ms-Cv": "JFJWBI\/jpkWTV4N\/v\/3p4A.0",
            "Accept-Language": "en",
            "Connection": "close",
            "X-Accel-Internal": "\/internal-nginx-static-location",
            "X-Real-Ip": "52.112.103.76",
            "Host": "pay.payblis.com"
        },
        "server": {
            "USER": "payblis.com_vxzn49uasxs",
            "HOME": "\/var\/www\/vhosts\/payblis.com",
            "SCRIPT_NAME": "\/api\/success.php",
            "REQUEST_URI": "\/api\/success.php?MerchantRef=ref-45678987656798&Amount=76.00&TransId=OVRI-20250211160842-67ab67fa2f82c&Status=6",
            "QUERY_STRING": "MerchantRef=ref-45678987656798&Amount=76.00&TransId=OVRI-20250211160842-67ab67fa2f82c&Status=6",
            "REQUEST_METHOD": "GET",
            "SERVER_PROTOCOL": "HTTP\/1.0",
            "GATEWAY_INTERFACE": "CGI\/1.1",
            "REMOTE_PORT": "51460",
            "SCRIPT_FILENAME": "\/var\/www\/vhosts\/payblis.com\/pay.payblis.com\/api\/success.php",
            "SERVER_ADMIN": "[no address given]",
            "CONTEXT_DOCUMENT_ROOT": "\/var\/www\/vhosts\/payblis.com\/pay.payblis.com",
            "CONTEXT_PREFIX": "",
            "REQUEST_SCHEME": "https",
            "DOCUMENT_ROOT": "\/var\/www\/vhosts\/payblis.com\/pay.payblis.com",
            "REMOTE_ADDR": "52.112.103.76",
            "SERVER_PORT": "443",
            "SERVER_ADDR": "217.182.198.52",
            "SERVER_NAME": "pay.payblis.com",
            "SERVER_SOFTWARE": "Apache",
            "SERVER_SIGNATURE": "<address>Apache Server at pay.payblis.com Port 443<\/address>\n",
            "PATH": "\/usr\/local\/sbin:\/usr\/local\/bin:\/usr\/sbin:\/usr\/bin:\/sbin:\/bin",
            "HTTP_ACCEPT_ENCODING": "gzip, deflate",
            "HTTP_USER_AGENT": "Mozilla\/5.0 (Windows NT 6.1; WOW64) SkypeUriPreview Preview\/0.5 skype-url-preview@microsoft.com",
            "HTTP_MS_CV": "JFJWBI\/jpkWTV4N\/v\/3p4A.0",
            "HTTP_ACCEPT_LANGUAGE": "en",
            "HTTP_CONNECTION": "close",
            "HTTP_X_ACCEL_INTERNAL": "\/internal-nginx-static-location",
            "HTTP_X_REAL_IP": "52.112.103.76",
            "HTTP_HOST": "pay.payblis.com",
            "proxy-nokeepalive": "1",
            "HTTPS": "on",
            "UNIQUE_ID": "Z6tpGS1NRC0bs_7u9nlvcAAAAAw",
            "FCGI_ROLE": "RESPONDER",
            "PHP_SELF": "\/api\/success.php",
            "REQUEST_TIME_FLOAT": 1739286809.686568,
            "REQUEST_TIME": 1739286809
        },
        "session": []
    }
}
{
    "timestamp": "2025-02-11 15:20:12",
    "stage": "ovri_ipn_received",
    "data": {
        "raw_data": "{\"MerchantRef\":\"ref-45678987656794\",\"Status\":\"2\",\"Amount\":\"76.00\",\"TransId\":\"OVRI-20250211162002-67ab6aa2900c3\",\"BankTrxID\":\"1c20c090-a4fc-4c19-80b2-018a70e17a7b\",\"TransLANG\":\"en\",\"CardType\":\"VISA\",\"CardNumber\":\"491699***2017\",\"CardExpire\":\"12\\\/2025\",\"CardToken\":\"817ea980-74f1-439d-83d5-9685331e712f\",\"CustomerIP\":\"217.182.198.52\",\"SHASIGN\":\"c0d2b29e954cb9fcad57f4a1761ba168d15ba3bbbb4280c08cfa4a4964e2da71519f3a3a57f847fcd0201a62ff2b81d025d96e9ccd6cfdc9bc344455d20f5886\"}",
        "headers": {
            "Content-Type": "application\/json",
            "Referer": "https:\/\/api.ovri.app",
            "Accept": "*\/*",
            "User-Agent": "OVRI BANKING",
            "Content-Length": "473",
            "Connection": "close",
            "X-Accel-Internal": "\/internal-nginx-static-location",
            "X-Real-Ip": "34.163.110.113",
            "Host": "pay.payblis.com"
        },
        "method": "POST"
    }
}
{
    "timestamp": "2025-02-11 15:20:12",
    "stage": "ovri_callback",
    "data": {
        "referer": "https:\/\/api.ovri.app\/",
        "get_params": {
            "MerchantRef": "ref-45678987656794",
            "Amount": "76.00",
            "TransId": "OVRI-20250211162002-67ab6aa2900c3",
            "Status": "6"
        },
        "post_params": [],
        "raw_input": "",
        "headers": {
            "Cookie": "tk_ai=k7EtFRS1tJEdBC0msYyNEKAB; wp-settings-time-1=1738173455; crisp-client%2Fsession%2F4e1c4af7-884c-4cd7-b5e0-50ca17e59858=session_4207da92-0535-495e-97d3-3e0cace9c17e; PHPSESSID=bkl1nr64h0br1va74mfr8onuqa",
            "Priority": "u=0, i",
            "Accept-Language": "fr,fr-FR;q=0.9,en;q=0.8,en-US;q=0.7,ru;q=0.6",
            "Accept-Encoding": "gzip, deflate, br, zstd",
            "Referer": "https:\/\/api.ovri.app\/",
            "Sec-Fetch-Dest": "document",
            "Sec-Fetch-Mode": "navigate",
            "Sec-Fetch-Site": "cross-site",
            "Accept": "text\/html,application\/xhtml+xml,application\/xml;q=0.9,image\/avif,image\/webp,image\/apng,*\/*;q=0.8,application\/signed-exchange;v=b3;q=0.7",
            "User-Agent": "Mozilla\/5.0 (Windows NT 10.0; Win64; x64) AppleWebKit\/537.36 (KHTML, like Gecko) Chrome\/133.0.0.0 Safari\/537.36",
            "Upgrade-Insecure-Requests": "1",
            "Sec-Ch-Ua-Platform": "\"Windows\"",
            "Sec-Ch-Ua-Mobile": "?0",
            "Sec-Ch-Ua": "\"Not(A:Brand\";v=\"99\", \"Google Chrome\";v=\"133\", \"Chromium\";v=\"133\"",
            "Connection": "close",
            "X-Accel-Internal": "\/internal-nginx-static-location",
            "X-Real-Ip": "88.165.174.4",
            "Host": "pay.payblis.com"
        },
        "server": {
            "USER": "payblis.com_vxzn49uasxs",
            "HOME": "\/var\/www\/vhosts\/payblis.com",
            "SCRIPT_NAME": "\/api\/success.php",
            "REQUEST_URI": "\/api\/success.php?MerchantRef=ref-45678987656794&Amount=76.00&TransId=OVRI-20250211162002-67ab6aa2900c3&Status=6",
            "QUERY_STRING": "MerchantRef=ref-45678987656794&Amount=76.00&TransId=OVRI-20250211162002-67ab6aa2900c3&Status=6",
            "REQUEST_METHOD": "GET",
            "SERVER_PROTOCOL": "HTTP\/1.0",
            "GATEWAY_INTERFACE": "CGI\/1.1",
            "REMOTE_PORT": "60660",
            "SCRIPT_FILENAME": "\/var\/www\/vhosts\/payblis.com\/pay.payblis.com\/api\/success.php",
            "SERVER_ADMIN": "[no address given]",
            "CONTEXT_DOCUMENT_ROOT": "\/var\/www\/vhosts\/payblis.com\/pay.payblis.com",
            "CONTEXT_PREFIX": "",
            "REQUEST_SCHEME": "https",
            "DOCUMENT_ROOT": "\/var\/www\/vhosts\/payblis.com\/pay.payblis.com",
            "REMOTE_ADDR": "88.165.174.4",
            "SERVER_PORT": "443",
            "SERVER_ADDR": "217.182.198.52",
            "SERVER_NAME": "pay.payblis.com",
            "SERVER_SOFTWARE": "Apache",
            "SERVER_SIGNATURE": "<address>Apache Server at pay.payblis.com Port 443<\/address>\n",
            "PATH": "\/usr\/local\/sbin:\/usr\/local\/bin:\/usr\/sbin:\/usr\/bin:\/sbin:\/bin",
            "HTTP_COOKIE": "tk_ai=k7EtFRS1tJEdBC0msYyNEKAB; wp-settings-time-1=1738173455; crisp-client%2Fsession%2F4e1c4af7-884c-4cd7-b5e0-50ca17e59858=session_4207da92-0535-495e-97d3-3e0cace9c17e; PHPSESSID=bkl1nr64h0br1va74mfr8onuqa",
            "HTTP_PRIORITY": "u=0, i",
            "HTTP_ACCEPT_LANGUAGE": "fr,fr-FR;q=0.9,en;q=0.8,en-US;q=0.7,ru;q=0.6",
            "HTTP_ACCEPT_ENCODING": "gzip, deflate, br, zstd",
            "HTTP_REFERER": "https:\/\/api.ovri.app\/",
            "HTTP_SEC_FETCH_DEST": "document",
            "HTTP_SEC_FETCH_MODE": "navigate",
            "HTTP_SEC_FETCH_SITE": "cross-site",
            "HTTP_ACCEPT": "text\/html,application\/xhtml+xml,application\/xml;q=0.9,image\/avif,image\/webp,image\/apng,*\/*;q=0.8,application\/signed-exchange;v=b3;q=0.7",
            "HTTP_USER_AGENT": "Mozilla\/5.0 (Windows NT 10.0; Win64; x64) AppleWebKit\/537.36 (KHTML, like Gecko) Chrome\/133.0.0.0 Safari\/537.36",
            "HTTP_UPGRADE_INSECURE_REQUESTS": "1",
            "HTTP_SEC_CH_UA_PLATFORM": "\"Windows\"",
            "HTTP_SEC_CH_UA_MOBILE": "?0",
            "HTTP_SEC_CH_UA": "\"Not(A:Brand\";v=\"99\", \"Google Chrome\";v=\"133\", \"Chromium\";v=\"133\"",
            "HTTP_CONNECTION": "close",
            "HTTP_X_ACCEL_INTERNAL": "\/internal-nginx-static-location",
            "HTTP_X_REAL_IP": "88.165.174.4",
            "HTTP_HOST": "pay.payblis.com",
            "proxy-nokeepalive": "1",
            "HTTPS": "on",
            "UNIQUE_ID": "Z6tqrC1NRC0bs_7u9nlvuAAAAAg",
            "FCGI_ROLE": "RESPONDER",
            "PHP_SELF": "\/api\/success.php",
            "REQUEST_TIME_FLOAT": 1739287212.4395,
            "REQUEST_TIME": 1739287212
        },
        "session": []
    }
}
{
    "timestamp": "2025-02-11 15:24:07",
    "stage": "ovri_callback",
    "data": {
        "referer": "https:\/\/api.ovri.app\/",
        "get_params": {
            "MerchantRef": "ref-45678987656776",
            "Amount": "76.00",
            "TransId": "OVRI-20250211162357-67ab6b8d5da10",
            "Status": "6"
        },
        "post_params": [],
        "raw_input": "",
        "headers": {
            "Cookie": "tk_ai=k7EtFRS1tJEdBC0msYyNEKAB; wp-settings-time-1=1738173455; crisp-client%2Fsession%2F4e1c4af7-884c-4cd7-b5e0-50ca17e59858=session_4207da92-0535-495e-97d3-3e0cace9c17e; PHPSESSID=bkl1nr64h0br1va74mfr8onuqa",
            "Priority": "u=0, i",
            "Accept-Language": "fr,fr-FR;q=0.9,en;q=0.8,en-US;q=0.7,ru;q=0.6",
            "Accept-Encoding": "gzip, deflate, br, zstd",
            "Referer": "https:\/\/api.ovri.app\/",
            "Sec-Fetch-Dest": "document",
            "Sec-Fetch-Mode": "navigate",
            "Sec-Fetch-Site": "cross-site",
            "Accept": "text\/html,application\/xhtml+xml,application\/xml;q=0.9,image\/avif,image\/webp,image\/apng,*\/*;q=0.8,application\/signed-exchange;v=b3;q=0.7",
            "User-Agent": "Mozilla\/5.0 (Windows NT 10.0; Win64; x64) AppleWebKit\/537.36 (KHTML, like Gecko) Chrome\/133.0.0.0 Safari\/537.36",
            "Upgrade-Insecure-Requests": "1",
            "Sec-Ch-Ua-Platform": "\"Windows\"",
            "Sec-Ch-Ua-Mobile": "?0",
            "Sec-Ch-Ua": "\"Not(A:Brand\";v=\"99\", \"Google Chrome\";v=\"133\", \"Chromium\";v=\"133\"",
            "Connection": "close",
            "X-Accel-Internal": "\/internal-nginx-static-location",
            "X-Real-Ip": "88.165.174.4",
            "Host": "pay.payblis.com"
        },
        "server": {
            "USER": "payblis.com_vxzn49uasxs",
            "HOME": "\/var\/www\/vhosts\/payblis.com",
            "SCRIPT_NAME": "\/api\/success.php",
            "REQUEST_URI": "\/api\/success.php?MerchantRef=ref-45678987656776&Amount=76.00&TransId=OVRI-20250211162357-67ab6b8d5da10&Status=6",
            "QUERY_STRING": "MerchantRef=ref-45678987656776&Amount=76.00&TransId=OVRI-20250211162357-67ab6b8d5da10&Status=6",
            "REQUEST_METHOD": "GET",
            "SERVER_PROTOCOL": "HTTP\/1.0",
            "GATEWAY_INTERFACE": "CGI\/1.1",
            "REMOTE_PORT": "53954",
            "SCRIPT_FILENAME": "\/var\/www\/vhosts\/payblis.com\/pay.payblis.com\/api\/success.php",
            "SERVER_ADMIN": "[no address given]",
            "CONTEXT_DOCUMENT_ROOT": "\/var\/www\/vhosts\/payblis.com\/pay.payblis.com",
            "CONTEXT_PREFIX": "",
            "REQUEST_SCHEME": "https",
            "DOCUMENT_ROOT": "\/var\/www\/vhosts\/payblis.com\/pay.payblis.com",
            "REMOTE_ADDR": "88.165.174.4",
            "SERVER_PORT": "443",
            "SERVER_ADDR": "217.182.198.52",
            "SERVER_NAME": "pay.payblis.com",
            "SERVER_SOFTWARE": "Apache",
            "SERVER_SIGNATURE": "<address>Apache Server at pay.payblis.com Port 443<\/address>\n",
            "PATH": "\/usr\/local\/sbin:\/usr\/local\/bin:\/usr\/sbin:\/usr\/bin:\/sbin:\/bin",
            "HTTP_COOKIE": "tk_ai=k7EtFRS1tJEdBC0msYyNEKAB; wp-settings-time-1=1738173455; crisp-client%2Fsession%2F4e1c4af7-884c-4cd7-b5e0-50ca17e59858=session_4207da92-0535-495e-97d3-3e0cace9c17e; PHPSESSID=bkl1nr64h0br1va74mfr8onuqa",
            "HTTP_PRIORITY": "u=0, i",
            "HTTP_ACCEPT_LANGUAGE": "fr,fr-FR;q=0.9,en;q=0.8,en-US;q=0.7,ru;q=0.6",
            "HTTP_ACCEPT_ENCODING": "gzip, deflate, br, zstd",
            "HTTP_REFERER": "https:\/\/api.ovri.app\/",
            "HTTP_SEC_FETCH_DEST": "document",
            "HTTP_SEC_FETCH_MODE": "navigate",
            "HTTP_SEC_FETCH_SITE": "cross-site",
            "HTTP_ACCEPT": "text\/html,application\/xhtml+xml,application\/xml;q=0.9,image\/avif,image\/webp,image\/apng,*\/*;q=0.8,application\/signed-exchange;v=b3;q=0.7",
            "HTTP_USER_AGENT": "Mozilla\/5.0 (Windows NT 10.0; Win64; x64) AppleWebKit\/537.36 (KHTML, like Gecko) Chrome\/133.0.0.0 Safari\/537.36",
            "HTTP_UPGRADE_INSECURE_REQUESTS": "1",
            "HTTP_SEC_CH_UA_PLATFORM": "\"Windows\"",
            "HTTP_SEC_CH_UA_MOBILE": "?0",
            "HTTP_SEC_CH_UA": "\"Not(A:Brand\";v=\"99\", \"Google Chrome\";v=\"133\", \"Chromium\";v=\"133\"",
            "HTTP_CONNECTION": "close",
            "HTTP_X_ACCEL_INTERNAL": "\/internal-nginx-static-location",
            "HTTP_X_REAL_IP": "88.165.174.4",
            "HTTP_HOST": "pay.payblis.com",
            "proxy-nokeepalive": "1",
            "HTTPS": "on",
            "UNIQUE_ID": "Z6trl4qkMURgi0UBcFe52gAAAEA",
            "FCGI_ROLE": "RESPONDER",
            "PHP_SELF": "\/api\/success.php",
            "REQUEST_TIME_FLOAT": 1739287447.623464,
            "REQUEST_TIME": 1739287447
        },
        "session": []
    }
}
{
    "timestamp": "2025-02-11 15:27:37",
    "stage": "ovri_callback",
    "data": {
        "referer": "https:\/\/api.ovri.app\/",
        "get_params": {
            "MerchantRef": "ref-4567898765678987",
            "Amount": "76.00",
            "TransId": "OVRI-20250211162727-67ab6c5f1dd8b",
            "Status": "6"
        },
        "post_params": [],
        "raw_input": "",
        "headers": {
            "Cookie": "tk_ai=k7EtFRS1tJEdBC0msYyNEKAB; wp-settings-time-1=1738173455; crisp-client%2Fsession%2F4e1c4af7-884c-4cd7-b5e0-50ca17e59858=session_4207da92-0535-495e-97d3-3e0cace9c17e; PHPSESSID=bkl1nr64h0br1va74mfr8onuqa",
            "Priority": "u=0, i",
            "Accept-Language": "fr,fr-FR;q=0.9,en;q=0.8,en-US;q=0.7,ru;q=0.6",
            "Accept-Encoding": "gzip, deflate, br, zstd",
            "Referer": "https:\/\/api.ovri.app\/",
            "Sec-Fetch-Dest": "document",
            "Sec-Fetch-Mode": "navigate",
            "Sec-Fetch-Site": "cross-site",
            "Accept": "text\/html,application\/xhtml+xml,application\/xml;q=0.9,image\/avif,image\/webp,image\/apng,*\/*;q=0.8,application\/signed-exchange;v=b3;q=0.7",
            "User-Agent": "Mozilla\/5.0 (Windows NT 10.0; Win64; x64) AppleWebKit\/537.36 (KHTML, like Gecko) Chrome\/133.0.0.0 Safari\/537.36",
            "Upgrade-Insecure-Requests": "1",
            "Sec-Ch-Ua-Platform": "\"Windows\"",
            "Sec-Ch-Ua-Mobile": "?0",
            "Sec-Ch-Ua": "\"Not(A:Brand\";v=\"99\", \"Google Chrome\";v=\"133\", \"Chromium\";v=\"133\"",
            "Connection": "close",
            "X-Accel-Internal": "\/internal-nginx-static-location",
            "X-Real-Ip": "88.165.174.4",
            "Host": "pay.payblis.com"
        },
        "server": {
            "USER": "payblis.com_vxzn49uasxs",
            "HOME": "\/var\/www\/vhosts\/payblis.com",
            "SCRIPT_NAME": "\/api\/success.php",
            "REQUEST_URI": "\/api\/success.php?MerchantRef=ref-4567898765678987&Amount=76.00&TransId=OVRI-20250211162727-67ab6c5f1dd8b&Status=6",
            "QUERY_STRING": "MerchantRef=ref-4567898765678987&Amount=76.00&TransId=OVRI-20250211162727-67ab6c5f1dd8b&Status=6",
            "REQUEST_METHOD": "GET",
            "SERVER_PROTOCOL": "HTTP\/1.0",
            "GATEWAY_INTERFACE": "CGI\/1.1",
            "REMOTE_PORT": "53726",
            "SCRIPT_FILENAME": "\/var\/www\/vhosts\/payblis.com\/pay.payblis.com\/api\/success.php",
            "SERVER_ADMIN": "[no address given]",
            "CONTEXT_DOCUMENT_ROOT": "\/var\/www\/vhosts\/payblis.com\/pay.payblis.com",
            "CONTEXT_PREFIX": "",
            "REQUEST_SCHEME": "https",
            "DOCUMENT_ROOT": "\/var\/www\/vhosts\/payblis.com\/pay.payblis.com",
            "REMOTE_ADDR": "88.165.174.4",
            "SERVER_PORT": "443",
            "SERVER_ADDR": "217.182.198.52",
            "SERVER_NAME": "pay.payblis.com",
            "SERVER_SOFTWARE": "Apache",
            "SERVER_SIGNATURE": "<address>Apache Server at pay.payblis.com Port 443<\/address>\n",
            "PATH": "\/usr\/local\/sbin:\/usr\/local\/bin:\/usr\/sbin:\/usr\/bin:\/sbin:\/bin",
            "HTTP_COOKIE": "tk_ai=k7EtFRS1tJEdBC0msYyNEKAB; wp-settings-time-1=1738173455; crisp-client%2Fsession%2F4e1c4af7-884c-4cd7-b5e0-50ca17e59858=session_4207da92-0535-495e-97d3-3e0cace9c17e; PHPSESSID=bkl1nr64h0br1va74mfr8onuqa",
            "HTTP_PRIORITY": "u=0, i",
            "HTTP_ACCEPT_LANGUAGE": "fr,fr-FR;q=0.9,en;q=0.8,en-US;q=0.7,ru;q=0.6",
            "HTTP_ACCEPT_ENCODING": "gzip, deflate, br, zstd",
            "HTTP_REFERER": "https:\/\/api.ovri.app\/",
            "HTTP_SEC_FETCH_DEST": "document",
            "HTTP_SEC_FETCH_MODE": "navigate",
            "HTTP_SEC_FETCH_SITE": "cross-site",
            "HTTP_ACCEPT": "text\/html,application\/xhtml+xml,application\/xml;q=0.9,image\/avif,image\/webp,image\/apng,*\/*;q=0.8,application\/signed-exchange;v=b3;q=0.7",
            "HTTP_USER_AGENT": "Mozilla\/5.0 (Windows NT 10.0; Win64; x64) AppleWebKit\/537.36 (KHTML, like Gecko) Chrome\/133.0.0.0 Safari\/537.36",
            "HTTP_UPGRADE_INSECURE_REQUESTS": "1",
            "HTTP_SEC_CH_UA_PLATFORM": "\"Windows\"",
            "HTTP_SEC_CH_UA_MOBILE": "?0",
            "HTTP_SEC_CH_UA": "\"Not(A:Brand\";v=\"99\", \"Google Chrome\";v=\"133\", \"Chromium\";v=\"133\"",
            "HTTP_CONNECTION": "close",
            "HTTP_X_ACCEL_INTERNAL": "\/internal-nginx-static-location",
            "HTTP_X_REAL_IP": "88.165.174.4",
            "HTTP_HOST": "pay.payblis.com",
            "proxy-nokeepalive": "1",
            "HTTPS": "on",
            "UNIQUE_ID": "Z6tsaYqkMURgi0UBcFe6GgAAAEo",
            "FCGI_ROLE": "RESPONDER",
            "PHP_SELF": "\/api\/success.php",
            "REQUEST_TIME_FLOAT": 1739287657.12921,
            "REQUEST_TIME": 1739287657
        },
        "session": []
    }
}
{
    "timestamp": "2025-02-11 15:29:55",
    "stage": "ovri_callback",
    "data": {
        "referer": "https:\/\/api.ovri.app\/",
        "get_params": {
            "MerchantRef": "ref-456789876567563",
            "Amount": "76.00",
            "TransId": "OVRI-20250211162947-67ab6ceb051f6",
            "Status": "6"
        },
        "post_params": [],
        "raw_input": "",
        "headers": {
            "Cookie": "tk_ai=k7EtFRS1tJEdBC0msYyNEKAB; wp-settings-time-1=1738173455; crisp-client%2Fsession%2F4e1c4af7-884c-4cd7-b5e0-50ca17e59858=session_4207da92-0535-495e-97d3-3e0cace9c17e; PHPSESSID=bkl1nr64h0br1va74mfr8onuqa",
            "Priority": "u=0, i",
            "Accept-Language": "fr,fr-FR;q=0.9,en;q=0.8,en-US;q=0.7,ru;q=0.6",
            "Accept-Encoding": "gzip, deflate, br, zstd",
            "Referer": "https:\/\/api.ovri.app\/",
            "Sec-Fetch-Dest": "document",
            "Sec-Fetch-Mode": "navigate",
            "Sec-Fetch-Site": "cross-site",
            "Accept": "text\/html,application\/xhtml+xml,application\/xml;q=0.9,image\/avif,image\/webp,image\/apng,*\/*;q=0.8,application\/signed-exchange;v=b3;q=0.7",
            "User-Agent": "Mozilla\/5.0 (Windows NT 10.0; Win64; x64) AppleWebKit\/537.36 (KHTML, like Gecko) Chrome\/133.0.0.0 Safari\/537.36",
            "Upgrade-Insecure-Requests": "1",
            "Sec-Ch-Ua-Platform": "\"Windows\"",
            "Sec-Ch-Ua-Mobile": "?0",
            "Sec-Ch-Ua": "\"Not(A:Brand\";v=\"99\", \"Google Chrome\";v=\"133\", \"Chromium\";v=\"133\"",
            "Connection": "close",
            "X-Accel-Internal": "\/internal-nginx-static-location",
            "X-Real-Ip": "88.165.174.4",
            "Host": "pay.payblis.com"
        },
        "server": {
            "USER": "payblis.com_vxzn49uasxs",
            "HOME": "\/var\/www\/vhosts\/payblis.com",
            "SCRIPT_NAME": "\/api\/success.php",
            "REQUEST_URI": "\/api\/success.php?MerchantRef=ref-456789876567563&Amount=76.00&TransId=OVRI-20250211162947-67ab6ceb051f6&Status=6",
            "QUERY_STRING": "MerchantRef=ref-456789876567563&Amount=76.00&TransId=OVRI-20250211162947-67ab6ceb051f6&Status=6",
            "REQUEST_METHOD": "GET",
            "SERVER_PROTOCOL": "HTTP\/1.0",
            "GATEWAY_INTERFACE": "CGI\/1.1",
            "REMOTE_PORT": "50364",
            "SCRIPT_FILENAME": "\/var\/www\/vhosts\/payblis.com\/pay.payblis.com\/api\/success.php",
            "SERVER_ADMIN": "[no address given]",
            "CONTEXT_DOCUMENT_ROOT": "\/var\/www\/vhosts\/payblis.com\/pay.payblis.com",
            "CONTEXT_PREFIX": "",
            "REQUEST_SCHEME": "https",
            "DOCUMENT_ROOT": "\/var\/www\/vhosts\/payblis.com\/pay.payblis.com",
            "REMOTE_ADDR": "88.165.174.4",
            "SERVER_PORT": "443",
            "SERVER_ADDR": "217.182.198.52",
            "SERVER_NAME": "pay.payblis.com",
            "SERVER_SOFTWARE": "Apache",
            "SERVER_SIGNATURE": "<address>Apache Server at pay.payblis.com Port 443<\/address>\n",
            "PATH": "\/usr\/local\/sbin:\/usr\/local\/bin:\/usr\/sbin:\/usr\/bin:\/sbin:\/bin",
            "HTTP_COOKIE": "tk_ai=k7EtFRS1tJEdBC0msYyNEKAB; wp-settings-time-1=1738173455; crisp-client%2Fsession%2F4e1c4af7-884c-4cd7-b5e0-50ca17e59858=session_4207da92-0535-495e-97d3-3e0cace9c17e; PHPSESSID=bkl1nr64h0br1va74mfr8onuqa",
            "HTTP_PRIORITY": "u=0, i",
            "HTTP_ACCEPT_LANGUAGE": "fr,fr-FR;q=0.9,en;q=0.8,en-US;q=0.7,ru;q=0.6",
            "HTTP_ACCEPT_ENCODING": "gzip, deflate, br, zstd",
            "HTTP_REFERER": "https:\/\/api.ovri.app\/",
            "HTTP_SEC_FETCH_DEST": "document",
            "HTTP_SEC_FETCH_MODE": "navigate",
            "HTTP_SEC_FETCH_SITE": "cross-site",
            "HTTP_ACCEPT": "text\/html,application\/xhtml+xml,application\/xml;q=0.9,image\/avif,image\/webp,image\/apng,*\/*;q=0.8,application\/signed-exchange;v=b3;q=0.7",
            "HTTP_USER_AGENT": "Mozilla\/5.0 (Windows NT 10.0; Win64; x64) AppleWebKit\/537.36 (KHTML, like Gecko) Chrome\/133.0.0.0 Safari\/537.36",
            "HTTP_UPGRADE_INSECURE_REQUESTS": "1",
            "HTTP_SEC_CH_UA_PLATFORM": "\"Windows\"",
            "HTTP_SEC_CH_UA_MOBILE": "?0",
            "HTTP_SEC_CH_UA": "\"Not(A:Brand\";v=\"99\", \"Google Chrome\";v=\"133\", \"Chromium\";v=\"133\"",
            "HTTP_CONNECTION": "close",
            "HTTP_X_ACCEL_INTERNAL": "\/internal-nginx-static-location",
            "HTTP_X_REAL_IP": "88.165.174.4",
            "HTTP_HOST": "pay.payblis.com",
            "proxy-nokeepalive": "1",
            "HTTPS": "on",
            "UNIQUE_ID": "Z6ts8y1NRC0bs_7u9nlwAgAAAAc",
            "FCGI_ROLE": "RESPONDER",
            "PHP_SELF": "\/api\/success.php",
            "REQUEST_TIME_FLOAT": 1739287795.757427,
            "REQUEST_TIME": 1739287795
        },
        "session": []
    }
}
{
    "timestamp": "2025-02-11 15:38:55",
    "stage": "ovri_callback",
    "data": {
        "referer": "https:\/\/api.ovri.app\/",
        "get_params": {
            "MerchantRef": "ref-45678987677867",
            "Amount": "76.00",
            "TransId": "OVRI-20250211163846-67ab6f0637d56",
            "Status": "6"
        },
        "post_params": [],
        "raw_input": "",
        "headers": {
            "Cookie": "tk_ai=k7EtFRS1tJEdBC0msYyNEKAB; wp-settings-time-1=1738173455; crisp-client%2Fsession%2F4e1c4af7-884c-4cd7-b5e0-50ca17e59858=session_4207da92-0535-495e-97d3-3e0cace9c17e; PHPSESSID=bkl1nr64h0br1va74mfr8onuqa",
            "Priority": "u=0, i",
            "Accept-Language": "fr,fr-FR;q=0.9,en;q=0.8,en-US;q=0.7,ru;q=0.6",
            "Accept-Encoding": "gzip, deflate, br, zstd",
            "Referer": "https:\/\/api.ovri.app\/",
            "Sec-Fetch-Dest": "document",
            "Sec-Fetch-Mode": "navigate",
            "Sec-Fetch-Site": "cross-site",
            "Accept": "text\/html,application\/xhtml+xml,application\/xml;q=0.9,image\/avif,image\/webp,image\/apng,*\/*;q=0.8,application\/signed-exchange;v=b3;q=0.7",
            "User-Agent": "Mozilla\/5.0 (Windows NT 10.0; Win64; x64) AppleWebKit\/537.36 (KHTML, like Gecko) Chrome\/133.0.0.0 Safari\/537.36",
            "Upgrade-Insecure-Requests": "1",
            "Sec-Ch-Ua-Platform": "\"Windows\"",
            "Sec-Ch-Ua-Mobile": "?0",
            "Sec-Ch-Ua": "\"Not(A:Brand\";v=\"99\", \"Google Chrome\";v=\"133\", \"Chromium\";v=\"133\"",
            "Connection": "close",
            "X-Accel-Internal": "\/internal-nginx-static-location",
            "X-Real-Ip": "88.165.174.4",
            "Host": "pay.payblis.com"
        },
        "server": {
            "USER": "payblis.com_vxzn49uasxs",
            "HOME": "\/var\/www\/vhosts\/payblis.com",
            "SCRIPT_NAME": "\/api\/success.php",
            "REQUEST_URI": "\/api\/success.php?MerchantRef=ref-45678987677867&Amount=76.00&TransId=OVRI-20250211163846-67ab6f0637d56&Status=6",
            "QUERY_STRING": "MerchantRef=ref-45678987677867&Amount=76.00&TransId=OVRI-20250211163846-67ab6f0637d56&Status=6",
            "REQUEST_METHOD": "GET",
            "SERVER_PROTOCOL": "HTTP\/1.0",
            "GATEWAY_INTERFACE": "CGI\/1.1",
            "REMOTE_PORT": "48124",
            "SCRIPT_FILENAME": "\/var\/www\/vhosts\/payblis.com\/pay.payblis.com\/api\/success.php",
            "SERVER_ADMIN": "[no address given]",
            "CONTEXT_DOCUMENT_ROOT": "\/var\/www\/vhosts\/payblis.com\/pay.payblis.com",
            "CONTEXT_PREFIX": "",
            "REQUEST_SCHEME": "https",
            "DOCUMENT_ROOT": "\/var\/www\/vhosts\/payblis.com\/pay.payblis.com",
            "REMOTE_ADDR": "88.165.174.4",
            "SERVER_PORT": "443",
            "SERVER_ADDR": "217.182.198.52",
            "SERVER_NAME": "pay.payblis.com",
            "SERVER_SOFTWARE": "Apache",
            "SERVER_SIGNATURE": "<address>Apache Server at pay.payblis.com Port 443<\/address>\n",
            "PATH": "\/usr\/local\/sbin:\/usr\/local\/bin:\/usr\/sbin:\/usr\/bin:\/sbin:\/bin",
            "HTTP_COOKIE": "tk_ai=k7EtFRS1tJEdBC0msYyNEKAB; wp-settings-time-1=1738173455; crisp-client%2Fsession%2F4e1c4af7-884c-4cd7-b5e0-50ca17e59858=session_4207da92-0535-495e-97d3-3e0cace9c17e; PHPSESSID=bkl1nr64h0br1va74mfr8onuqa",
            "HTTP_PRIORITY": "u=0, i",
            "HTTP_ACCEPT_LANGUAGE": "fr,fr-FR;q=0.9,en;q=0.8,en-US;q=0.7,ru;q=0.6",
            "HTTP_ACCEPT_ENCODING": "gzip, deflate, br, zstd",
            "HTTP_REFERER": "https:\/\/api.ovri.app\/",
            "HTTP_SEC_FETCH_DEST": "document",
            "HTTP_SEC_FETCH_MODE": "navigate",
            "HTTP_SEC_FETCH_SITE": "cross-site",
            "HTTP_ACCEPT": "text\/html,application\/xhtml+xml,application\/xml;q=0.9,image\/avif,image\/webp,image\/apng,*\/*;q=0.8,application\/signed-exchange;v=b3;q=0.7",
            "HTTP_USER_AGENT": "Mozilla\/5.0 (Windows NT 10.0; Win64; x64) AppleWebKit\/537.36 (KHTML, like Gecko) Chrome\/133.0.0.0 Safari\/537.36",
            "HTTP_UPGRADE_INSECURE_REQUESTS": "1",
            "HTTP_SEC_CH_UA_PLATFORM": "\"Windows\"",
            "HTTP_SEC_CH_UA_MOBILE": "?0",
            "HTTP_SEC_CH_UA": "\"Not(A:Brand\";v=\"99\", \"Google Chrome\";v=\"133\", \"Chromium\";v=\"133\"",
            "HTTP_CONNECTION": "close",
            "HTTP_X_ACCEL_INTERNAL": "\/internal-nginx-static-location",
            "HTTP_X_REAL_IP": "88.165.174.4",
            "HTTP_HOST": "pay.payblis.com",
            "proxy-nokeepalive": "1",
            "HTTPS": "on",
            "UNIQUE_ID": "Z6tvD4qkMURgi0UBcFe6UwAAAEA",
            "FCGI_ROLE": "RESPONDER",
            "PHP_SELF": "\/api\/success.php",
            "REQUEST_TIME_FLOAT": 1739288335.593636,
            "REQUEST_TIME": 1739288335
        },
        "session": []
    }
}
{
    "timestamp": "2025-02-11 15:42:25",
    "stage": "ovri_callback",
    "data": {
        "referer": "https:\/\/api.ovri.app\/",
        "get_params": {
            "MerchantRef": "ref-45674567567",
            "Amount": "76.00",
            "TransId": "OVRI-20250211164215-67ab6fd7b70a6",
            "Status": "6"
        },
        "post_params": [],
        "raw_input": "",
        "headers": {
            "Cookie": "tk_ai=k7EtFRS1tJEdBC0msYyNEKAB; wp-settings-time-1=1738173455; crisp-client%2Fsession%2F4e1c4af7-884c-4cd7-b5e0-50ca17e59858=session_4207da92-0535-495e-97d3-3e0cace9c17e; PHPSESSID=bkl1nr64h0br1va74mfr8onuqa",
            "Priority": "u=0, i",
            "Accept-Language": "fr,fr-FR;q=0.9,en;q=0.8,en-US;q=0.7,ru;q=0.6",
            "Accept-Encoding": "gzip, deflate, br, zstd",
            "Referer": "https:\/\/api.ovri.app\/",
            "Sec-Fetch-Dest": "document",
            "Sec-Fetch-Mode": "navigate",
            "Sec-Fetch-Site": "cross-site",
            "Accept": "text\/html,application\/xhtml+xml,application\/xml;q=0.9,image\/avif,image\/webp,image\/apng,*\/*;q=0.8,application\/signed-exchange;v=b3;q=0.7",
            "User-Agent": "Mozilla\/5.0 (Windows NT 10.0; Win64; x64) AppleWebKit\/537.36 (KHTML, like Gecko) Chrome\/133.0.0.0 Safari\/537.36",
            "Upgrade-Insecure-Requests": "1",
            "Sec-Ch-Ua-Platform": "\"Windows\"",
            "Sec-Ch-Ua-Mobile": "?0",
            "Sec-Ch-Ua": "\"Not(A:Brand\";v=\"99\", \"Google Chrome\";v=\"133\", \"Chromium\";v=\"133\"",
            "Connection": "close",
            "X-Accel-Internal": "\/internal-nginx-static-location",
            "X-Real-Ip": "88.165.174.4",
            "Host": "pay.payblis.com"
        },
        "server": {
            "USER": "payblis.com_vxzn49uasxs",
            "HOME": "\/var\/www\/vhosts\/payblis.com",
            "SCRIPT_NAME": "\/api\/success.php",
            "REQUEST_URI": "\/api\/success.php?MerchantRef=ref-45674567567&Amount=76.00&TransId=OVRI-20250211164215-67ab6fd7b70a6&Status=6",
            "QUERY_STRING": "MerchantRef=ref-45674567567&Amount=76.00&TransId=OVRI-20250211164215-67ab6fd7b70a6&Status=6",
            "REQUEST_METHOD": "GET",
            "SERVER_PROTOCOL": "HTTP\/1.0",
            "GATEWAY_INTERFACE": "CGI\/1.1",
            "REMOTE_PORT": "43682",
            "SCRIPT_FILENAME": "\/var\/www\/vhosts\/payblis.com\/pay.payblis.com\/api\/success.php",
            "SERVER_ADMIN": "[no address given]",
            "CONTEXT_DOCUMENT_ROOT": "\/var\/www\/vhosts\/payblis.com\/pay.payblis.com",
            "CONTEXT_PREFIX": "",
            "REQUEST_SCHEME": "https",
            "DOCUMENT_ROOT": "\/var\/www\/vhosts\/payblis.com\/pay.payblis.com",
            "REMOTE_ADDR": "88.165.174.4",
            "SERVER_PORT": "443",
            "SERVER_ADDR": "217.182.198.52",
            "SERVER_NAME": "pay.payblis.com",
            "SERVER_SOFTWARE": "Apache",
            "SERVER_SIGNATURE": "<address>Apache Server at pay.payblis.com Port 443<\/address>\n",
            "PATH": "\/usr\/local\/sbin:\/usr\/local\/bin:\/usr\/sbin:\/usr\/bin:\/sbin:\/bin",
            "HTTP_COOKIE": "tk_ai=k7EtFRS1tJEdBC0msYyNEKAB; wp-settings-time-1=1738173455; crisp-client%2Fsession%2F4e1c4af7-884c-4cd7-b5e0-50ca17e59858=session_4207da92-0535-495e-97d3-3e0cace9c17e; PHPSESSID=bkl1nr64h0br1va74mfr8onuqa",
            "HTTP_PRIORITY": "u=0, i",
            "HTTP_ACCEPT_LANGUAGE": "fr,fr-FR;q=0.9,en;q=0.8,en-US;q=0.7,ru;q=0.6",
            "HTTP_ACCEPT_ENCODING": "gzip, deflate, br, zstd",
            "HTTP_REFERER": "https:\/\/api.ovri.app\/",
            "HTTP_SEC_FETCH_DEST": "document",
            "HTTP_SEC_FETCH_MODE": "navigate",
            "HTTP_SEC_FETCH_SITE": "cross-site",
            "HTTP_ACCEPT": "text\/html,application\/xhtml+xml,application\/xml;q=0.9,image\/avif,image\/webp,image\/apng,*\/*;q=0.8,application\/signed-exchange;v=b3;q=0.7",
            "HTTP_USER_AGENT": "Mozilla\/5.0 (Windows NT 10.0; Win64; x64) AppleWebKit\/537.36 (KHTML, like Gecko) Chrome\/133.0.0.0 Safari\/537.36",
            "HTTP_UPGRADE_INSECURE_REQUESTS": "1",
            "HTTP_SEC_CH_UA_PLATFORM": "\"Windows\"",
            "HTTP_SEC_CH_UA_MOBILE": "?0",
            "HTTP_SEC_CH_UA": "\"Not(A:Brand\";v=\"99\", \"Google Chrome\";v=\"133\", \"Chromium\";v=\"133\"",
            "HTTP_CONNECTION": "close",
            "HTTP_X_ACCEL_INTERNAL": "\/internal-nginx-static-location",
            "HTTP_X_REAL_IP": "88.165.174.4",
            "HTTP_HOST": "pay.payblis.com",
            "proxy-nokeepalive": "1",
            "HTTPS": "on",
            "UNIQUE_ID": "Z6tv4S1NRC0bs_7u9nlwRAAAAAg",
            "FCGI_ROLE": "RESPONDER",
            "PHP_SELF": "\/api\/success.php",
            "REQUEST_TIME_FLOAT": 1739288545.497251,
            "REQUEST_TIME": 1739288545
        },
        "session": []
    }
}
{
    "timestamp": "2025-02-11 15:49:29",
    "stage": "ovri_callback",
    "data": {
        "referer": "https:\/\/api.ovri.app\/",
        "get_params": {
            "MerchantRef": "ref-455678767889876567",
            "Amount": "76.00",
            "TransId": "OVRI-20250211164919-67ab717f3eb72",
            "Status": "6"
        },
        "post_params": [],
        "raw_input": "",
        "headers": {
            "Cookie": "tk_ai=k7EtFRS1tJEdBC0msYyNEKAB; wp-settings-time-1=1738173455; crisp-client%2Fsession%2F4e1c4af7-884c-4cd7-b5e0-50ca17e59858=session_4207da92-0535-495e-97d3-3e0cace9c17e; PHPSESSID=bkl1nr64h0br1va74mfr8onuqa",
            "Priority": "u=0, i",
            "Accept-Language": "fr,fr-FR;q=0.9,en;q=0.8,en-US;q=0.7,ru;q=0.6",
            "Accept-Encoding": "gzip, deflate, br, zstd",
            "Referer": "https:\/\/api.ovri.app\/",
            "Sec-Fetch-Dest": "document",
            "Sec-Fetch-Mode": "navigate",
            "Sec-Fetch-Site": "cross-site",
            "Accept": "text\/html,application\/xhtml+xml,application\/xml;q=0.9,image\/avif,image\/webp,image\/apng,*\/*;q=0.8,application\/signed-exchange;v=b3;q=0.7",
            "User-Agent": "Mozilla\/5.0 (Windows NT 10.0; Win64; x64) AppleWebKit\/537.36 (KHTML, like Gecko) Chrome\/133.0.0.0 Safari\/537.36",
            "Upgrade-Insecure-Requests": "1",
            "Sec-Ch-Ua-Platform": "\"Windows\"",
            "Sec-Ch-Ua-Mobile": "?0",
            "Sec-Ch-Ua": "\"Not(A:Brand\";v=\"99\", \"Google Chrome\";v=\"133\", \"Chromium\";v=\"133\"",
            "Connection": "close",
            "X-Accel-Internal": "\/internal-nginx-static-location",
            "X-Real-Ip": "88.165.174.4",
            "Host": "pay.payblis.com"
        },
        "server": {
            "USER": "payblis.com_vxzn49uasxs",
            "HOME": "\/var\/www\/vhosts\/payblis.com",
            "SCRIPT_NAME": "\/api\/success.php",
            "REQUEST_URI": "\/api\/success.php?MerchantRef=ref-455678767889876567&Amount=76.00&TransId=OVRI-20250211164919-67ab717f3eb72&Status=6",
            "QUERY_STRING": "MerchantRef=ref-455678767889876567&Amount=76.00&TransId=OVRI-20250211164919-67ab717f3eb72&Status=6",
            "REQUEST_METHOD": "GET",
            "SERVER_PROTOCOL": "HTTP\/1.0",
            "GATEWAY_INTERFACE": "CGI\/1.1",
            "REMOTE_PORT": "50410",
            "SCRIPT_FILENAME": "\/var\/www\/vhosts\/payblis.com\/pay.payblis.com\/api\/success.php",
            "SERVER_ADMIN": "[no address given]",
            "CONTEXT_DOCUMENT_ROOT": "\/var\/www\/vhosts\/payblis.com\/pay.payblis.com",
            "CONTEXT_PREFIX": "",
            "REQUEST_SCHEME": "https",
            "DOCUMENT_ROOT": "\/var\/www\/vhosts\/payblis.com\/pay.payblis.com",
            "REMOTE_ADDR": "88.165.174.4",
            "SERVER_PORT": "443",
            "SERVER_ADDR": "217.182.198.52",
            "SERVER_NAME": "pay.payblis.com",
            "SERVER_SOFTWARE": "Apache",
            "SERVER_SIGNATURE": "<address>Apache Server at pay.payblis.com Port 443<\/address>\n",
            "PATH": "\/usr\/local\/sbin:\/usr\/local\/bin:\/usr\/sbin:\/usr\/bin:\/sbin:\/bin",
            "HTTP_COOKIE": "tk_ai=k7EtFRS1tJEdBC0msYyNEKAB; wp-settings-time-1=1738173455; crisp-client%2Fsession%2F4e1c4af7-884c-4cd7-b5e0-50ca17e59858=session_4207da92-0535-495e-97d3-3e0cace9c17e; PHPSESSID=bkl1nr64h0br1va74mfr8onuqa",
            "HTTP_PRIORITY": "u=0, i",
            "HTTP_ACCEPT_LANGUAGE": "fr,fr-FR;q=0.9,en;q=0.8,en-US;q=0.7,ru;q=0.6",
            "HTTP_ACCEPT_ENCODING": "gzip, deflate, br, zstd",
            "HTTP_REFERER": "https:\/\/api.ovri.app\/",
            "HTTP_SEC_FETCH_DEST": "document",
            "HTTP_SEC_FETCH_MODE": "navigate",
            "HTTP_SEC_FETCH_SITE": "cross-site",
            "HTTP_ACCEPT": "text\/html,application\/xhtml+xml,application\/xml;q=0.9,image\/avif,image\/webp,image\/apng,*\/*;q=0.8,application\/signed-exchange;v=b3;q=0.7",
            "HTTP_USER_AGENT": "Mozilla\/5.0 (Windows NT 10.0; Win64; x64) AppleWebKit\/537.36 (KHTML, like Gecko) Chrome\/133.0.0.0 Safari\/537.36",
            "HTTP_UPGRADE_INSECURE_REQUESTS": "1",
            "HTTP_SEC_CH_UA_PLATFORM": "\"Windows\"",
            "HTTP_SEC_CH_UA_MOBILE": "?0",
            "HTTP_SEC_CH_UA": "\"Not(A:Brand\";v=\"99\", \"Google Chrome\";v=\"133\", \"Chromium\";v=\"133\"",
            "HTTP_CONNECTION": "close",
            "HTTP_X_ACCEL_INTERNAL": "\/internal-nginx-static-location",
            "HTTP_X_REAL_IP": "88.165.174.4",
            "HTTP_HOST": "pay.payblis.com",
            "proxy-nokeepalive": "1",
            "HTTPS": "on",
            "UNIQUE_ID": "Z6txiS1NRC0bs_7u9nlwgQAAABA",
            "FCGI_ROLE": "RESPONDER",
            "PHP_SELF": "\/api\/success.php",
            "REQUEST_TIME_FLOAT": 1739288969.106982,
            "REQUEST_TIME": 1739288969
        },
        "session": []
    }
}
{
    "timestamp": "2025-02-11 15:53:47",
    "stage": "ovri_callback",
    "data": {
        "referer": "https:\/\/api.ovri.app\/",
        "headers": {
            "Cookie": "tk_ai=k7EtFRS1tJEdBC0msYyNEKAB; wp-settings-time-1=1738173455; crisp-client%2Fsession%2F4e1c4af7-884c-4cd7-b5e0-50ca17e59858=session_4207da92-0535-495e-97d3-3e0cace9c17e; PHPSESSID=bkl1nr64h0br1va74mfr8onuqa",
            "Priority": "u=0, i",
            "Accept-Language": "fr,fr-FR;q=0.9,en;q=0.8,en-US;q=0.7,ru;q=0.6",
            "Accept-Encoding": "gzip, deflate, br, zstd",
            "Referer": "https:\/\/api.ovri.app\/",
            "Sec-Fetch-Dest": "document",
            "Sec-Fetch-Mode": "navigate",
            "Sec-Fetch-Site": "cross-site",
            "Accept": "text\/html,application\/xhtml+xml,application\/xml;q=0.9,image\/avif,image\/webp,image\/apng,*\/*;q=0.8,application\/signed-exchange;v=b3;q=0.7",
            "User-Agent": "Mozilla\/5.0 (Windows NT 10.0; Win64; x64) AppleWebKit\/537.36 (KHTML, like Gecko) Chrome\/133.0.0.0 Safari\/537.36",
            "Upgrade-Insecure-Requests": "1",
            "Sec-Ch-Ua-Platform": "\"Windows\"",
            "Sec-Ch-Ua-Mobile": "?0",
            "Sec-Ch-Ua": "\"Not(A:Brand\";v=\"99\", \"Google Chrome\";v=\"133\", \"Chromium\";v=\"133\"",
            "Connection": "close",
            "X-Accel-Internal": "\/internal-nginx-static-location",
            "X-Real-Ip": "88.165.174.4",
            "Host": "pay.payblis.com"
        },
        "server": {
            "USER": "payblis.com_vxzn49uasxs",
            "HOME": "\/var\/www\/vhosts\/payblis.com",
            "SCRIPT_NAME": "\/api\/success.php",
            "REQUEST_URI": "\/api\/success.php?MerchantRef=ref-4565432789876567&Amount=76.00&TransId=OVRI-20250211165337-67ab7281b8751&Status=6",
            "QUERY_STRING": "MerchantRef=ref-4565432789876567&Amount=76.00&TransId=OVRI-20250211165337-67ab7281b8751&Status=6",
            "REQUEST_METHOD": "GET",
            "SERVER_PROTOCOL": "HTTP\/1.0",
            "GATEWAY_INTERFACE": "CGI\/1.1",
            "REMOTE_PORT": "47430",
            "SCRIPT_FILENAME": "\/var\/www\/vhosts\/payblis.com\/pay.payblis.com\/api\/success.php",
            "SERVER_ADMIN": "[no address given]",
            "CONTEXT_DOCUMENT_ROOT": "\/var\/www\/vhosts\/payblis.com\/pay.payblis.com",
            "CONTEXT_PREFIX": "",
            "REQUEST_SCHEME": "https",
            "DOCUMENT_ROOT": "\/var\/www\/vhosts\/payblis.com\/pay.payblis.com",
            "REMOTE_ADDR": "88.165.174.4",
            "SERVER_PORT": "443",
            "SERVER_ADDR": "217.182.198.52",
            "SERVER_NAME": "pay.payblis.com",
            "SERVER_SOFTWARE": "Apache",
            "SERVER_SIGNATURE": "<address>Apache Server at pay.payblis.com Port 443<\/address>\n",
            "PATH": "\/usr\/local\/sbin:\/usr\/local\/bin:\/usr\/sbin:\/usr\/bin:\/sbin:\/bin",
            "HTTP_COOKIE": "tk_ai=k7EtFRS1tJEdBC0msYyNEKAB; wp-settings-time-1=1738173455; crisp-client%2Fsession%2F4e1c4af7-884c-4cd7-b5e0-50ca17e59858=session_4207da92-0535-495e-97d3-3e0cace9c17e; PHPSESSID=bkl1nr64h0br1va74mfr8onuqa",
            "HTTP_PRIORITY": "u=0, i",
            "HTTP_ACCEPT_LANGUAGE": "fr,fr-FR;q=0.9,en;q=0.8,en-US;q=0.7,ru;q=0.6",
            "HTTP_ACCEPT_ENCODING": "gzip, deflate, br, zstd",
            "HTTP_REFERER": "https:\/\/api.ovri.app\/",
            "HTTP_SEC_FETCH_DEST": "document",
            "HTTP_SEC_FETCH_MODE": "navigate",
            "HTTP_SEC_FETCH_SITE": "cross-site",
            "HTTP_ACCEPT": "text\/html,application\/xhtml+xml,application\/xml;q=0.9,image\/avif,image\/webp,image\/apng,*\/*;q=0.8,application\/signed-exchange;v=b3;q=0.7",
            "HTTP_USER_AGENT": "Mozilla\/5.0 (Windows NT 10.0; Win64; x64) AppleWebKit\/537.36 (KHTML, like Gecko) Chrome\/133.0.0.0 Safari\/537.36",
            "HTTP_UPGRADE_INSECURE_REQUESTS": "1",
            "HTTP_SEC_CH_UA_PLATFORM": "\"Windows\"",
            "HTTP_SEC_CH_UA_MOBILE": "?0",
            "HTTP_SEC_CH_UA": "\"Not(A:Brand\";v=\"99\", \"Google Chrome\";v=\"133\", \"Chromium\";v=\"133\"",
            "HTTP_CONNECTION": "close",
            "HTTP_X_ACCEL_INTERNAL": "\/internal-nginx-static-location",
            "HTTP_X_REAL_IP": "88.165.174.4",
            "HTTP_HOST": "pay.payblis.com",
            "proxy-nokeepalive": "1",
            "HTTPS": "on",
            "UNIQUE_ID": "Z6tyi4qkMURgi0UBcFe61QAAAFM",
            "FCGI_ROLE": "RESPONDER",
            "PHP_SELF": "\/api\/success.php",
            "REQUEST_TIME_FLOAT": 1739289227.179542,
            "REQUEST_TIME": 1739289227
        }
    }
}
{
    "timestamp": "2025-02-11 15:58:08",
    "stage": "ovri_callback",
    "data": {
        "referer": "https:\/\/api.ovri.app\/",
        "headers": {
            "Cookie": "tk_ai=k7EtFRS1tJEdBC0msYyNEKAB; wp-settings-time-1=1738173455; crisp-client%2Fsession%2F4e1c4af7-884c-4cd7-b5e0-50ca17e59858=session_4207da92-0535-495e-97d3-3e0cace9c17e; PHPSESSID=bkl1nr64h0br1va74mfr8onuqa",
            "Priority": "u=0, i",
            "Accept-Language": "fr,fr-FR;q=0.9,en;q=0.8,en-US;q=0.7,ru;q=0.6",
            "Accept-Encoding": "gzip, deflate, br, zstd",
            "Referer": "https:\/\/api.ovri.app\/",
            "Sec-Fetch-Dest": "document",
            "Sec-Fetch-Mode": "navigate",
            "Sec-Fetch-Site": "cross-site",
            "Accept": "text\/html,application\/xhtml+xml,application\/xml;q=0.9,image\/avif,image\/webp,image\/apng,*\/*;q=0.8,application\/signed-exchange;v=b3;q=0.7",
            "User-Agent": "Mozilla\/5.0 (Windows NT 10.0; Win64; x64) AppleWebKit\/537.36 (KHTML, like Gecko) Chrome\/133.0.0.0 Safari\/537.36",
            "Upgrade-Insecure-Requests": "1",
            "Sec-Ch-Ua-Platform": "\"Windows\"",
            "Sec-Ch-Ua-Mobile": "?0",
            "Sec-Ch-Ua": "\"Not(A:Brand\";v=\"99\", \"Google Chrome\";v=\"133\", \"Chromium\";v=\"133\"",
            "Connection": "close",
            "X-Accel-Internal": "\/internal-nginx-static-location",
            "X-Real-Ip": "88.165.174.4",
            "Host": "pay.payblis.com"
        },
        "server": {
            "USER": "payblis.com_vxzn49uasxs",
            "HOME": "\/var\/www\/vhosts\/payblis.com",
            "SCRIPT_NAME": "\/api\/success.php",
            "REQUEST_URI": "\/api\/success.php?MerchantRef=786588899&Amount=76.00&TransId=OVRI-20250211165758-67ab7386d8f84&Status=6",
            "QUERY_STRING": "MerchantRef=786588899&Amount=76.00&TransId=OVRI-20250211165758-67ab7386d8f84&Status=6",
            "REQUEST_METHOD": "GET",
            "SERVER_PROTOCOL": "HTTP\/1.0",
            "GATEWAY_INTERFACE": "CGI\/1.1",
            "REMOTE_PORT": "35014",
            "SCRIPT_FILENAME": "\/var\/www\/vhosts\/payblis.com\/pay.payblis.com\/api\/success.php",
            "SERVER_ADMIN": "[no address given]",
            "CONTEXT_DOCUMENT_ROOT": "\/var\/www\/vhosts\/payblis.com\/pay.payblis.com",
            "CONTEXT_PREFIX": "",
            "REQUEST_SCHEME": "https",
            "DOCUMENT_ROOT": "\/var\/www\/vhosts\/payblis.com\/pay.payblis.com",
            "REMOTE_ADDR": "88.165.174.4",
            "SERVER_PORT": "443",
            "SERVER_ADDR": "217.182.198.52",
            "SERVER_NAME": "pay.payblis.com",
            "SERVER_SOFTWARE": "Apache",
            "SERVER_SIGNATURE": "<address>Apache Server at pay.payblis.com Port 443<\/address>\n",
            "PATH": "\/usr\/local\/sbin:\/usr\/local\/bin:\/usr\/sbin:\/usr\/bin:\/sbin:\/bin",
            "HTTP_COOKIE": "tk_ai=k7EtFRS1tJEdBC0msYyNEKAB; wp-settings-time-1=1738173455; crisp-client%2Fsession%2F4e1c4af7-884c-4cd7-b5e0-50ca17e59858=session_4207da92-0535-495e-97d3-3e0cace9c17e; PHPSESSID=bkl1nr64h0br1va74mfr8onuqa",
            "HTTP_PRIORITY": "u=0, i",
            "HTTP_ACCEPT_LANGUAGE": "fr,fr-FR;q=0.9,en;q=0.8,en-US;q=0.7,ru;q=0.6",
            "HTTP_ACCEPT_ENCODING": "gzip, deflate, br, zstd",
            "HTTP_REFERER": "https:\/\/api.ovri.app\/",
            "HTTP_SEC_FETCH_DEST": "document",
            "HTTP_SEC_FETCH_MODE": "navigate",
            "HTTP_SEC_FETCH_SITE": "cross-site",
            "HTTP_ACCEPT": "text\/html,application\/xhtml+xml,application\/xml;q=0.9,image\/avif,image\/webp,image\/apng,*\/*;q=0.8,application\/signed-exchange;v=b3;q=0.7",
            "HTTP_USER_AGENT": "Mozilla\/5.0 (Windows NT 10.0; Win64; x64) AppleWebKit\/537.36 (KHTML, like Gecko) Chrome\/133.0.0.0 Safari\/537.36",
            "HTTP_UPGRADE_INSECURE_REQUESTS": "1",
            "HTTP_SEC_CH_UA_PLATFORM": "\"Windows\"",
            "HTTP_SEC_CH_UA_MOBILE": "?0",
            "HTTP_SEC_CH_UA": "\"Not(A:Brand\";v=\"99\", \"Google Chrome\";v=\"133\", \"Chromium\";v=\"133\"",
            "HTTP_CONNECTION": "close",
            "HTTP_X_ACCEL_INTERNAL": "\/internal-nginx-static-location",
            "HTTP_X_REAL_IP": "88.165.174.4",
            "HTTP_HOST": "pay.payblis.com",
            "proxy-nokeepalive": "1",
            "HTTPS": "on",
            "UNIQUE_ID": "Z6tzkC1NRC0bs_7u9nlwtAAAAAA",
            "FCGI_ROLE": "RESPONDER",
            "PHP_SELF": "\/api\/success.php",
            "REQUEST_TIME_FLOAT": 1739289488.610008,
            "REQUEST_TIME": 1739289488
        }
    }
}
{
    "timestamp": "2025-02-11 16:01:12",
    "stage": "pre_redirect_ovri",
    "data": {
        "url": "https:\/\/testmarchant.com\/success.php",
        "params": [],
        "headers": {
            "Cookie": "tk_ai=k7EtFRS1tJEdBC0msYyNEKAB; wp-settings-time-1=1738173455; crisp-client%2Fsession%2F4e1c4af7-884c-4cd7-b5e0-50ca17e59858=session_4207da92-0535-495e-97d3-3e0cace9c17e; PHPSESSID=bkl1nr64h0br1va74mfr8onuqa",
            "Priority": "u=0, i",
            "Accept-Language": "fr,fr-FR;q=0.9,en;q=0.8,en-US;q=0.7,ru;q=0.6",
            "Accept-Encoding": "gzip, deflate, br, zstd",
            "Referer": "https:\/\/pay.payblis.com\/api\/payment.php?token=YToxMzp7czoxMToiTWVyY2hhbnRLZXkiO3M6MzI6ImxqZTdYcVhsdXB6Z1JPSlJRRG1rUnlpeWhCUVhkdWxiIjtzOjY6ImFtb3VudCI7czo1OiIxMi4wMCI7czo4OiJSZWZPcmRlciI7czoxODoiNDU2Nzg5ODc4Nzc4OTc2NTY3IjtzOjE0OiJDdXN0b21lcl9FbWFpbCI7czoxNzoiam9uYXRoYW5AdGVzdC5jb20iO3M6MTQ6IkN1c3RvbWVyX1Bob25lIjtzOjE0OiIzMzEyMzQ1Njc4OTEyMyI7czoxMzoiQ3VzdG9tZXJfTmFtZSI7czo4OiJKb25hdGhhbiI7czoxODoiQ3VzdG9tZXJfRmlyc3ROYW1lIjtzOjU6IlBldGl0IjtzOjc6ImNvdW50cnkiO3M6NjoiRnJhbmNlIjtzOjY6InVzZXJJUCI7czoxMToiMTkyLjE2OC4xLjEiO3M6NDoibGFuZyI7czoyOiJlbiI7czo1OiJ1cmxPSyI7czozNjoiaHR0cHM6Ly90ZXN0bWFyY2hhbnQuY29tL3N1Y2Nlc3MucGhwIjtzOjU6InVybEtPIjtzOjM1OiJodHRwczovL3Rlc3RtYXJjaGFudC5jb20vZmFpbGVkLnBocCI7czo2OiJpcG5VUkwiO3M6NDQ6Imh0dHBzOi8vcGF5LnBheWJsaXMuY29tL3Rlc3RpbmcvdGVzdC1pcG4ucGhwIjt9",
            "Sec-Fetch-Dest": "document",
            "Sec-Fetch-User": "?1",
            "Sec-Fetch-Mode": "navigate",
            "Sec-Fetch-Site": "same-origin",
            "Accept": "text\/html,application\/xhtml+xml,application\/xml;q=0.9,image\/avif,image\/webp,image\/apng,*\/*;q=0.8,application\/signed-exchange;v=b3;q=0.7",
            "User-Agent": "Mozilla\/5.0 (Windows NT 10.0; Win64; x64) AppleWebKit\/537.36 (KHTML, like Gecko) Chrome\/133.0.0.0 Safari\/537.36",
            "Upgrade-Insecure-Requests": "1",
            "Content-Type": "application\/x-www-form-urlencoded",
            "Origin": "https:\/\/pay.payblis.com",
            "Sec-Ch-Ua-Platform": "\"Windows\"",
            "Sec-Ch-Ua-Mobile": "?0",
            "Sec-Ch-Ua": "\"Not(A:Brand\";v=\"99\", \"Google Chrome\";v=\"133\", \"Chromium\";v=\"133\"",
            "Cache-Control": "max-age=0",
            "Content-Length": "1247",
            "Connection": "close",
            "X-Accel-Internal": "\/internal-nginx-static-location",
            "X-Real-Ip": "88.165.174.4",
            "Host": "pay.payblis.com"
        },
        "session": {
            "role": "admin",
            "username": "admin",
            "id": "1"
        },
        "method": "POST"
    }
}
{
    "timestamp": "2025-02-11 16:06:36",
    "stage": "pre_redirect_ovri",
    "data": {
        "url": "https:\/\/testmarchant.com\/success.php",
        "params": [],
        "headers": {
            "Cookie": "tk_ai=k7EtFRS1tJEdBC0msYyNEKAB; wp-settings-time-1=1738173455; crisp-client%2Fsession%2F4e1c4af7-884c-4cd7-b5e0-50ca17e59858=session_4207da92-0535-495e-97d3-3e0cace9c17e; PHPSESSID=bkl1nr64h0br1va74mfr8onuqa",
            "Priority": "u=0, i",
            "Accept-Language": "fr,fr-FR;q=0.9,en;q=0.8,en-US;q=0.7,ru;q=0.6",
            "Accept-Encoding": "gzip, deflate, br, zstd",
            "Referer": "https:\/\/pay.payblis.com\/api\/payment.php?token=YToxMzp7czoxMToiTWVyY2hhbnRLZXkiO3M6MzI6ImxqZTdYcVhsdXB6Z1JPSlJRRG1rUnlpeWhCUVhkdWxiIjtzOjY6ImFtb3VudCI7czo1OiI3Ni4wMCI7czo4OiJSZWZPcmRlciI7czoxNToiNjc4NDU2Nzg5ODc2NTY3IjtzOjE0OiJDdXN0b21lcl9FbWFpbCI7czoxNzoiam9uYXRoYW5AdGVzdC5jb20iO3M6MTQ6IkN1c3RvbWVyX1Bob25lIjtzOjE0OiIzMzEyMzQ1Njc4OTEyMyI7czoxMzoiQ3VzdG9tZXJfTmFtZSI7czo4OiJKb25hdGhhbiI7czoxODoiQ3VzdG9tZXJfRmlyc3ROYW1lIjtzOjU6IlBldGl0IjtzOjc6ImNvdW50cnkiO3M6NjoiRnJhbmNlIjtzOjY6InVzZXJJUCI7czoxMToiMTkyLjE2OC4xLjEiO3M6NDoibGFuZyI7czoyOiJlbiI7czo1OiJ1cmxPSyI7czozNjoiaHR0cHM6Ly90ZXN0bWFyY2hhbnQuY29tL3N1Y2Nlc3MucGhwIjtzOjU6InVybEtPIjtzOjM1OiJodHRwczovL3Rlc3RtYXJjaGFudC5jb20vZmFpbGVkLnBocCI7czo2OiJpcG5VUkwiO3M6NDQ6Imh0dHBzOi8vcGF5LnBheWJsaXMuY29tL3Rlc3RpbmcvdGVzdC1pcG4ucGhwIjt9",
            "Sec-Fetch-Dest": "document",
            "Sec-Fetch-User": "?1",
            "Sec-Fetch-Mode": "navigate",
            "Sec-Fetch-Site": "same-origin",
            "Accept": "text\/html,application\/xhtml+xml,application\/xml;q=0.9,image\/avif,image\/webp,image\/apng,*\/*;q=0.8,application\/signed-exchange;v=b3;q=0.7",
            "User-Agent": "Mozilla\/5.0 (Windows NT 10.0; Win64; x64) AppleWebKit\/537.36 (KHTML, like Gecko) Chrome\/133.0.0.0 Safari\/537.36",
            "Upgrade-Insecure-Requests": "1",
            "Content-Type": "application\/x-www-form-urlencoded",
            "Origin": "https:\/\/pay.payblis.com",
            "Sec-Ch-Ua-Platform": "\"Windows\"",
            "Sec-Ch-Ua-Mobile": "?0",
            "Sec-Ch-Ua": "\"Not(A:Brand\";v=\"99\", \"Google Chrome\";v=\"133\", \"Chromium\";v=\"133\"",
            "Cache-Control": "max-age=0",
            "Content-Length": "1244",
            "Connection": "close",
            "X-Accel-Internal": "\/internal-nginx-static-location",
            "X-Real-Ip": "88.165.174.4",
            "Host": "pay.payblis.com"
        },
        "session": {
            "role": "admin",
            "username": "admin",
            "id": "1"
        },
        "method": "POST"
    }
}
